0 info it worked if it ends with ok
1 verbose cli [ 'node', '/usr/local/bin/npm', 'install', 'bitlyapi' ]
2 info using npm@1.4.28
3 info using node@v0.10.32
4 warn package.json giverandom@0.1.0 No README data
5 warn package.json util@0.10.3 util is also the name of a node core module.
6 verbose readDependencies using package.json deps
7 verbose cache add [ 'bitlyapi@0.4.0', null ]
8 verbose cache add name=undefined spec="bitlyapi@0.4.0" args=["bitlyapi@0.4.0",null]
9 verbose parsed url { protocol: null,
9 verbose parsed url   slashes: null,
9 verbose parsed url   auth: null,
9 verbose parsed url   host: null,
9 verbose parsed url   port: null,
9 verbose parsed url   hostname: null,
9 verbose parsed url   hash: null,
9 verbose parsed url   search: null,
9 verbose parsed url   query: null,
9 verbose parsed url   pathname: 'bitlyapi@0.4.0',
9 verbose parsed url   path: 'bitlyapi@0.4.0',
9 verbose parsed url   href: 'bitlyapi@0.4.0' }
10 verbose cache add name="bitlyapi" spec="0.4.0" args=["bitlyapi","0.4.0"]
11 verbose parsed url { protocol: null,
11 verbose parsed url   slashes: null,
11 verbose parsed url   auth: null,
11 verbose parsed url   host: null,
11 verbose parsed url   port: null,
11 verbose parsed url   hostname: null,
11 verbose parsed url   hash: null,
11 verbose parsed url   search: null,
11 verbose parsed url   query: null,
11 verbose parsed url   pathname: '0.4.0',
11 verbose parsed url   path: '0.4.0',
11 verbose parsed url   href: '0.4.0' }
12 verbose addNamed [ 'bitlyapi', '0.4.0' ]
13 verbose addNamed [ '0.4.0', '0.4.0' ]
14 silly lockFile b7e2a8c1-bitlyapi-0-4-0 bitlyapi@0.4.0
15 verbose lock bitlyapi@0.4.0 /Users/Stephen/.npm/b7e2a8c1-bitlyapi-0-4-0.lock
16 verbose request where is /bitlyapi
17 verbose request registry https://registry.npmjs.org/
18 verbose request id 697594183d89d94c
19 verbose url raw /bitlyapi
20 verbose url resolving [ 'https://registry.npmjs.org/', './bitlyapi' ]
21 verbose url resolved https://registry.npmjs.org/bitlyapi
22 verbose request where is https://registry.npmjs.org/bitlyapi
23 info trying registry request attempt 1 at 02:43:22
24 http GET https://registry.npmjs.org/bitlyapi
25 http 404 https://registry.npmjs.org/bitlyapi
26 verbose headers { date: 'Sun, 21 Sep 2014 01:43:23 GMT',
26 verbose headers   server: 'CouchDB/1.5.0 (Erlang OTP/R16B03)',
26 verbose headers   'content-type': 'application/json',
26 verbose headers   'cache-control': 'max-age=0',
26 verbose headers   'content-length': '52',
26 verbose headers   'accept-ranges': 'bytes',
26 verbose headers   via: '1.1 varnish',
26 verbose headers   age: '0',
26 verbose headers   'x-served-by': 'cache-fra1221-FRA',
26 verbose headers   'x-cache': 'MISS',
26 verbose headers   'x-cache-hits': '0',
26 verbose headers   'x-timer': 'S1411263803.058718,VS0,VE442',
26 verbose headers   'keep-alive': 'timeout=10, max=50',
26 verbose headers   connection: 'Keep-Alive' }
27 silly registry.get cb [ 404,
27 silly registry.get   { date: 'Sun, 21 Sep 2014 01:43:23 GMT',
27 silly registry.get     server: 'CouchDB/1.5.0 (Erlang OTP/R16B03)',
27 silly registry.get     'content-type': 'application/json',
27 silly registry.get     'cache-control': 'max-age=0',
27 silly registry.get     'content-length': '52',
27 silly registry.get     'accept-ranges': 'bytes',
27 silly registry.get     via: '1.1 varnish',
27 silly registry.get     age: '0',
27 silly registry.get     'x-served-by': 'cache-fra1221-FRA',
27 silly registry.get     'x-cache': 'MISS',
27 silly registry.get     'x-cache-hits': '0',
27 silly registry.get     'x-timer': 'S1411263803.058718,VS0,VE442',
27 silly registry.get     'keep-alive': 'timeout=10, max=50',
27 silly registry.get     connection: 'Keep-Alive' } ]
28 silly lockFile b7e2a8c1-bitlyapi-0-4-0 bitlyapi@0.4.0
29 silly lockFile b7e2a8c1-bitlyapi-0-4-0 bitlyapi@0.4.0
30 error 404 404 Not Found: bitlyapi
30 error 404
30 error 404 'bitlyapi' is not in the npm registry.
30 error 404 You should bug the author to publish it
30 error 404 It was specified as a dependency of 'giverandom'
30 error 404
30 error 404 Note that you can also install from a
30 error 404 tarball, folder, or http url, or git url.
31 error System Darwin 13.4.0
32 error command "node" "/usr/local/bin/npm" "install" "bitlyapi"
33 error cwd /Users/Stephen/Documents/Projects/2014/hackference/giverandom
34 error node -v v0.10.32
35 error npm -v 1.4.28
36 error code E404
37 verbose exit [ 1, true ]
